# JRE version: OpenJDK Runtime Environment Temurin-17.0.2+8 (17.0.2+8) (build 17.0.2+8)
# Java VM: OpenJDK 64-Bit Server VM Temurin-17.0.2+8 (17.0.2+8, mixed mode, sharing, tiered, compressed oops, compressed class ptrs, g1 gc, windows-amd64)
GC Precious Log:
 CPUs: 12 total, 12 available
 Memory: 16332M
 Large Page Support: Disabled
 NUMA Support: Disabled
 Compressed Oops: Enabled (Zero based)
 Heap Region Size: 2M
 Heap Min Capacity: 8M
 Heap Initial Capacity: 256M
 Heap Max Capacity: 3G
 Pre-touch: Disabled
 Parallel Workers: 10
 Concurrent Workers: 3
 Concurrent Refinement Workers: 10
 Periodic GC: Disabled
Heap:
 garbage-first heap   total 116736K, used 73147K [0x0000000740000000, 0x0000000800000000)
  region size 2048K, 13 young (26624K), 1 survivors (2048K)
 Metaspace       used 60603K, committed 61056K, reserved 1105920K
  class space    used 8140K, committed 8320K, reserved 1048576K
GC Heap History (20 events):
Event: 4.733 GC heap before
{Heap before GC invocations=7 (full 0):
 garbage-first heap   total 81920K, used 51913K [0x0000000740000000, 0x0000000800000000)
  region size 2048K, 15 young (30720K), 2 survivors (4096K)
 Metaspace       used 35734K, committed 36096K, reserved 1081344K
  class space    used 4947K, committed 5120K, reserved 1048576K
}
Event: 4.740 GC heap after
{Heap after GC invocations=8 (full 0):
 garbage-first heap   total 163840K, used 31167K [0x0000000740000000, 0x0000000800000000)
  region size 2048K, 1 young (2048K), 1 survivors (2048K)
 Metaspace       used 35734K, committed 36096K, reserved 1081344K
  class space    used 4947K, committed 5120K, reserved 1048576K
}
Event: 5.617 GC heap before
{Heap before GC invocations=9 (full 0):
 garbage-first heap   total 116736K, used 98751K [0x0000000740000000, 0x0000000800000000)
  region size 2048K, 34 young (69632K), 1 survivors (2048K)
 Metaspace       used 36764K, committed 37120K, reserved 1081344K
  class space    used 5095K, committed 5248K, reserved 1048576K
}
Event: 5.623 GC heap after
{Heap after GC invocations=10 (full 0):
 garbage-first heap   total 116736K, used 33733K [0x0000000740000000, 0x0000000800000000)
  region size 2048K, 3 young (6144K), 3 survivors (6144K)
 Metaspace       used 36764K, committed 37120K, reserved 1081344K
  class space    used 5095K, committed 5248K, reserved 1048576K
}
Event: 5.786 GC heap before
{Heap before GC invocations=10 (full 0):
 garbage-first heap   total 116736K, used 86981K [0x0000000740000000, 0x0000000800000000)
  region size 2048K, 29 young (59392K), 3 survivors (6144K)
 Metaspace       used 36781K, committed 37120K, reserved 1081344K
  class space    used 5095K, committed 5248K, reserved 1048576K
}
Event: 5.789 GC heap after
{Heap after GC invocations=11 (full 0):
 garbage-first heap   total 116736K, used 33014K [0x0000000740000000, 0x0000000800000000)
  region size 2048K, 2 young (4096K), 2 survivors (4096K)
 Metaspace       used 36781K, committed 37120K, reserved 1081344K
  class space    used 5095K, committed 5248K, reserved 1048576K
}
Event: 6.474 GC heap before
{Heap before GC invocations=11 (full 0):
 garbage-first heap   total 116736K, used 86262K [0x0000000740000000, 0x0000000800000000)
  region size 2048K, 29 young (59392K), 2 survivors (4096K)
 Metaspace       used 39583K, committed 39936K, reserved 1089536K
  class space    used 5425K, committed 5568K, reserved 1048576K
}
Event: 6.480 GC heap after
{Heap after GC invocations=12 (full 0):
 garbage-first heap   total 116736K, used 35832K [0x0000000740000000, 0x0000000800000000)
  region size 2048K, 3 young (6144K), 3 survivors (6144K)
 Metaspace       used 39583K, committed 39936K, reserved 1089536K
  class space    used 5425K, committed 5568K, reserved 1048576K
}
Event: 8.671 GC heap before
{Heap before GC invocations=12 (full 0):
 garbage-first heap   total 116736K, used 87032K [0x0000000740000000, 0x0000000800000000)
  region size 2048K, 29 young (59392K), 3 survivors (6144K)
 Metaspace       used 49326K, committed 49792K, reserved 1097728K
  class space    used 6701K, committed 6912K, reserved 1048576K
}
Event: 8.684 GC heap after
{Heap after GC invocations=13 (full 0):
 garbage-first heap   total 116736K, used 40579K [0x0000000740000000, 0x0000000800000000)
  region size 2048K, 4 young (8192K), 4 survivors (8192K)
 Metaspace       used 49326K, committed 49792K, reserved 1097728K
  class space    used 6701K, committed 6912K, reserved 1048576K
}
Event: 22.527 GC heap before
{Heap before GC invocations=13 (full 0):
 garbage-first heap   total 116736K, used 89731K [0x0000000740000000, 0x0000000800000000)
  region size 2048K, 28 young (57344K), 4 survivors (8192K)
 Metaspace       used 53617K, committed 54016K, reserved 1097728K
  class space    used 7116K, committed 7296K, reserved 1048576K
}
Event: 22.533 GC heap after
{Heap after GC invocations=14 (full 0):
 garbage-first heap   total 116736K, used 42845K [0x0000000740000000, 0x0000000800000000)
  region size 2048K, 2 young (4096K), 2 survivors (4096K)
 Metaspace       used 53617K, committed 54016K, reserved 1097728K
  class space    used 7116K, committed 7296K, reserved 1048576K
}
Event: 22.724 GC heap before
{Heap before GC invocations=14 (full 0):
 garbage-first heap   total 116736K, used 87901K [0x0000000740000000, 0x0000000800000000)
  region size 2048K, 25 young (51200K), 2 survivors (4096K)
 Metaspace       used 53838K, committed 54208K, reserved 1097728K
  class space    used 7119K, committed 7296K, reserved 1048576K
}
Event: 22.727 GC heap after
{Heap after GC invocations=15 (full 0):
 garbage-first heap   total 116736K, used 42652K [0x0000000740000000, 0x0000000800000000)
  region size 2048K, 2 young (4096K), 2 survivors (4096K)
 Metaspace       used 53838K, committed 54208K, reserved 1097728K
  class space    used 7119K, committed 7296K, reserved 1048576K
}
Event: 24.917 GC heap before
{Heap before GC invocations=15 (full 0):
 garbage-first heap   total 116736K, used 93852K [0x0000000740000000, 0x0000000800000000)
  region size 2048K, 26 young (53248K), 2 survivors (4096K)
 Metaspace       used 54559K, committed 54976K, reserved 1097728K
  class space    used 7208K, committed 7424K, reserved 1048576K
}
Event: 24.920 GC heap after
{Heap after GC invocations=16 (full 0):
 garbage-first heap   total 116736K, used 45310K [0x0000000740000000, 0x0000000800000000)
  region size 2048K, 2 young (4096K), 2 survivors (4096K)
 Metaspace       used 54559K, committed 54976K, reserved 1097728K
  class space    used 7208K, committed 7424K, reserved 1048576K
}
Event: 25.835 GC heap before
{Heap before GC invocations=16 (full 0):
 garbage-first heap   total 116736K, used 92414K [0x0000000740000000, 0x0000000800000000)
  region size 2048K, 25 young (51200K), 2 survivors (4096K)
 Metaspace       used 59586K, committed 60032K, reserved 1105920K
  class space    used 7953K, committed 8128K, reserved 1048576K
}
Event: 25.842 GC heap after
{Heap after GC invocations=17 (full 0):
 garbage-first heap   total 116736K, used 48718K [0x0000000740000000, 0x0000000800000000)
  region size 2048K, 4 young (8192K), 4 survivors (8192K)
 Metaspace       used 59586K, committed 60032K, reserved 1105920K
  class space    used 7953K, committed 8128K, reserved 1048576K
}
Event: 26.016 GC heap before
{Heap before GC invocations=17 (full 0):
 garbage-first heap   total 116736K, used 61006K [0x0000000740000000, 0x0000000800000000)
  region size 2048K, 11 young (22528K), 4 survivors (8192K)
 Metaspace       used 60193K, committed 60608K, reserved 1105920K
  class space    used 8063K, committed 8256K, reserved 1048576K
}
Event: 26.026 GC heap after
{Heap after GC invocations=18 (full 0):
 garbage-first heap   total 116736K, used 50619K [0x0000000740000000, 0x0000000800000000)
  region size 2048K, 1 young (2048K), 1 survivors (2048K)
 Metaspace       used 60193K, committed 60608K, reserved 1105920K
  class space    used 8063K, committed 8256K, reserved 1048576K
}

